<?xml version="1.0" encoding="UTF-8"?>
<testng-results ignored="0" total="1" passed="1" failed="0" skipped="0">
  <reporter-output>
  </reporter-output>
  <suite started-at="2025-09-11T15:52:48 IST" name="Suite" finished-at="2025-09-11T15:52:54 IST" duration-ms="6254">
    <groups>
      <group name="errorHandling">
        <method signature="errorValidations.validateErrors()[pri:0, instance:ritabhSelenium.eCommerce.errorValidations@3d1848cc]" name="validateErrors" class="ritabhSelenium.eCommerce.errorValidations"/>
      </group> <!-- errorHandling -->
    </groups>
    <test started-at="2025-09-11T15:52:48 IST" name="submit order validation" finished-at="2025-09-11T15:52:54 IST" duration-ms="6254">
      <class name="ritabhSelenium.eCommerce.errorValidations">
        <test-method is-config="true" signature="launchApp()[pri:0, instance:ritabhSelenium.eCommerce.errorValidations@3d1848cc]" started-at="2025-09-11T15:52:48 IST" name="launchApp" finished-at="2025-09-11T15:52:53 IST" duration-ms="5293" status="PASS">
          <reporter-output>
          </reporter-output>
        </test-method> <!-- launchApp -->
        <test-method signature="validateErrors()[pri:0, instance:ritabhSelenium.eCommerce.errorValidations@3d1848cc]" started-at="2025-09-11T15:52:53 IST" name="validateErrors" finished-at="2025-09-11T15:52:54 IST" duration-ms="582" status="PASS">
          <reporter-output>
          </reporter-output>
        </test-method> <!-- validateErrors -->
        <test-method is-config="true" signature="tearDown()[pri:0, instance:ritabhSelenium.eCommerce.errorValidations@3d1848cc]" started-at="2025-09-11T15:52:54 IST" name="tearDown" finished-at="2025-09-11T15:52:54 IST" duration-ms="307" status="PASS">
          <reporter-output>
          </reporter-output>
        </test-method> <!-- tearDown -->
      </class> <!-- ritabhSelenium.eCommerce.errorValidations -->
    </test> <!-- submit order validation -->
  </suite> <!-- Suite -->
</testng-results>
